running egg_info
creating ../../build/assistant_navigation/assistant_navigation.egg-info
writing ../../build/assistant_navigation/assistant_navigation.egg-info/PKG-INFO
writing dependency_links to ../../build/assistant_navigation/assistant_navigation.egg-info/dependency_links.txt
writing requirements to ../../build/assistant_navigation/assistant_navigation.egg-info/requires.txt
writing top-level names to ../../build/assistant_navigation/assistant_navigation.egg-info/top_level.txt
writing manifest file '../../build/assistant_navigation/assistant_navigation.egg-info/SOURCES.txt'
reading manifest file '../../build/assistant_navigation/assistant_navigation.egg-info/SOURCES.txt'
adding license file 'LICENSE'
writing manifest file '../../build/assistant_navigation/assistant_navigation.egg-info/SOURCES.txt'
running build
running build_py
creating /home/rushiksaiii/turtlebot_autonomous_assistant/assistant_ws/build/assistant_navigation/build
creating /home/rushiksaiii/turtlebot_autonomous_assistant/assistant_ws/build/assistant_navigation/build/lib
creating /home/rushiksaiii/turtlebot_autonomous_assistant/assistant_ws/build/assistant_navigation/build/lib/assistant_navigation
copying assistant_navigation/__init__.py -> /home/rushiksaiii/turtlebot_autonomous_assistant/assistant_ws/build/assistant_navigation/build/lib/assistant_navigation
running install
running install_lib
creating /home/rushiksaiii/turtlebot_autonomous_assistant/assistant_ws/install/assistant_navigation/lib/python3.12/site-packages/assistant_navigation
copying /home/rushiksaiii/turtlebot_autonomous_assistant/assistant_ws/build/assistant_navigation/build/lib/assistant_navigation/__init__.py -> /home/rushiksaiii/turtlebot_autonomous_assistant/assistant_ws/install/assistant_navigation/lib/python3.12/site-packages/assistant_navigation
byte-compiling /home/rushiksaiii/turtlebot_autonomous_assistant/assistant_ws/install/assistant_navigation/lib/python3.12/site-packages/assistant_navigation/__init__.py to __init__.cpython-312.pyc
running install_data
creating /home/rushiksaiii/turtlebot_autonomous_assistant/assistant_ws/install/assistant_navigation/share/ament_index
creating /home/rushiksaiii/turtlebot_autonomous_assistant/assistant_ws/install/assistant_navigation/share/ament_index/resource_index
creating /home/rushiksaiii/turtlebot_autonomous_assistant/assistant_ws/install/assistant_navigation/share/ament_index/resource_index/packages
copying resource/assistant_navigation -> /home/rushiksaiii/turtlebot_autonomous_assistant/assistant_ws/install/assistant_navigation/share/ament_index/resource_index/packages
copying package.xml -> /home/rushiksaiii/turtlebot_autonomous_assistant/assistant_ws/install/assistant_navigation/share/assistant_navigation
running install_egg_info
Copying ../../build/assistant_navigation/assistant_navigation.egg-info to /home/rushiksaiii/turtlebot_autonomous_assistant/assistant_ws/install/assistant_navigation/lib/python3.12/site-packages/assistant_navigation-0.0.0-py3.12.egg-info
running install_scripts
writing list of installed files to '/home/rushiksaiii/turtlebot_autonomous_assistant/assistant_ws/build/assistant_navigation/install.log'
