[1.185s] Invoking command in '/home/rushiksaiii/turtlebot_autonomous_assistant/assistant_ws/src/assistant_navigation': DEBUGINFOD_URLS=https://debuginfod.ubuntu.com PYTHONPATH=/home/rushiksaiii/turtlebot_autonomous_assistant/assistant_ws/build/assistant_navigation/prefix_override:/usr/lib/python3/dist-packages/colcon_core/task/python/colcon_distutils_commands:/home/rushiksaiii/turtlebot_autonomous_assistant/assistant_ws/install/assistant_navigation/lib/python3.12/site-packages:${PYTHONPATH} /usr/bin/python3 -W ignore:setup.py install is deprecated -W ignore:easy_install command is deprecated setup.py egg_info --egg-base ../../build/assistant_navigation build --build-base /home/rushiksaiii/turtlebot_autonomous_assistant/assistant_ws/build/assistant_navigation/build install --record /home/rushiksaiii/turtlebot_autonomous_assistant/assistant_ws/build/assistant_navigation/install.log --single-version-externally-managed install_data
[1.449s] running egg_info
[1.450s] creating ../../build/assistant_navigation/assistant_navigation.egg-info
[1.459s] writing ../../build/assistant_navigation/assistant_navigation.egg-info/PKG-INFO
[1.460s] writing dependency_links to ../../build/assistant_navigation/assistant_navigation.egg-info/dependency_links.txt
[1.460s] writing requirements to ../../build/assistant_navigation/assistant_navigation.egg-info/requires.txt
[1.460s] writing top-level names to ../../build/assistant_navigation/assistant_navigation.egg-info/top_level.txt
[1.461s] writing manifest file '../../build/assistant_navigation/assistant_navigation.egg-info/SOURCES.txt'
[1.479s] reading manifest file '../../build/assistant_navigation/assistant_navigation.egg-info/SOURCES.txt'
[1.480s] adding license file 'LICENSE'
[1.480s] writing manifest file '../../build/assistant_navigation/assistant_navigation.egg-info/SOURCES.txt'
[1.481s] running build
[1.481s] running build_py
[1.481s] creating /home/rushiksaiii/turtlebot_autonomous_assistant/assistant_ws/build/assistant_navigation/build
[1.481s] creating /home/rushiksaiii/turtlebot_autonomous_assistant/assistant_ws/build/assistant_navigation/build/lib
[1.481s] creating /home/rushiksaiii/turtlebot_autonomous_assistant/assistant_ws/build/assistant_navigation/build/lib/assistant_navigation
[1.481s] copying assistant_navigation/__init__.py -> /home/rushiksaiii/turtlebot_autonomous_assistant/assistant_ws/build/assistant_navigation/build/lib/assistant_navigation
[1.481s] running install
[1.484s] running install_lib
[1.493s] creating /home/rushiksaiii/turtlebot_autonomous_assistant/assistant_ws/install/assistant_navigation/lib/python3.12/site-packages/assistant_navigation
[1.493s] copying /home/rushiksaiii/turtlebot_autonomous_assistant/assistant_ws/build/assistant_navigation/build/lib/assistant_navigation/__init__.py -> /home/rushiksaiii/turtlebot_autonomous_assistant/assistant_ws/install/assistant_navigation/lib/python3.12/site-packages/assistant_navigation
[1.494s] byte-compiling /home/rushiksaiii/turtlebot_autonomous_assistant/assistant_ws/install/assistant_navigation/lib/python3.12/site-packages/assistant_navigation/__init__.py to __init__.cpython-312.pyc
[1.494s] running install_data
[1.494s] creating /home/rushiksaiii/turtlebot_autonomous_assistant/assistant_ws/install/assistant_navigation/share/ament_index
[1.495s] creating /home/rushiksaiii/turtlebot_autonomous_assistant/assistant_ws/install/assistant_navigation/share/ament_index/resource_index
[1.495s] creating /home/rushiksaiii/turtlebot_autonomous_assistant/assistant_ws/install/assistant_navigation/share/ament_index/resource_index/packages
[1.495s] copying resource/assistant_navigation -> /home/rushiksaiii/turtlebot_autonomous_assistant/assistant_ws/install/assistant_navigation/share/ament_index/resource_index/packages
[1.496s] copying package.xml -> /home/rushiksaiii/turtlebot_autonomous_assistant/assistant_ws/install/assistant_navigation/share/assistant_navigation
[1.497s] running install_egg_info
[1.510s] Copying ../../build/assistant_navigation/assistant_navigation.egg-info to /home/rushiksaiii/turtlebot_autonomous_assistant/assistant_ws/install/assistant_navigation/lib/python3.12/site-packages/assistant_navigation-0.0.0-py3.12.egg-info
[1.511s] running install_scripts
[1.582s] writing list of installed files to '/home/rushiksaiii/turtlebot_autonomous_assistant/assistant_ws/build/assistant_navigation/install.log'
[1.618s] Invoked command in '/home/rushiksaiii/turtlebot_autonomous_assistant/assistant_ws/src/assistant_navigation' returned '0': DEBUGINFOD_URLS=https://debuginfod.ubuntu.com PYTHONPATH=/home/rushiksaiii/turtlebot_autonomous_assistant/assistant_ws/build/assistant_navigation/prefix_override:/usr/lib/python3/dist-packages/colcon_core/task/python/colcon_distutils_commands:/home/rushiksaiii/turtlebot_autonomous_assistant/assistant_ws/install/assistant_navigation/lib/python3.12/site-packages:${PYTHONPATH} /usr/bin/python3 -W ignore:setup.py install is deprecated -W ignore:easy_install command is deprecated setup.py egg_info --egg-base ../../build/assistant_navigation build --build-base /home/rushiksaiii/turtlebot_autonomous_assistant/assistant_ws/build/assistant_navigation/build install --record /home/rushiksaiii/turtlebot_autonomous_assistant/assistant_ws/build/assistant_navigation/install.log --single-version-externally-managed install_data
