[0.867s] Invoking command in '/home/rushiksaiii/turtlebot_autonomous_assistant/assistant_ws/src/assistant_bringup': DEBUGINFOD_URLS=https://debuginfod.ubuntu.com PYTHONPATH=/home/rushiksaiii/turtlebot_autonomous_assistant/assistant_ws/build/assistant_bringup/prefix_override:/usr/lib/python3/dist-packages/colcon_core/task/python/colcon_distutils_commands:/home/rushiksaiii/turtlebot_autonomous_assistant/assistant_ws/install/assistant_bringup/lib/python3.12/site-packages:${PYTHONPATH} /usr/bin/python3 -W ignore:setup.py install is deprecated -W ignore:easy_install command is deprecated setup.py egg_info --egg-base ../../build/assistant_bringup build --build-base /home/rushiksaiii/turtlebot_autonomous_assistant/assistant_ws/build/assistant_bringup/build install --record /home/rushiksaiii/turtlebot_autonomous_assistant/assistant_ws/build/assistant_bringup/install.log --single-version-externally-managed install_data
[1.014s] running egg_info
[1.023s] writing ../../build/assistant_bringup/assistant_bringup.egg-info/PKG-INFO
[1.024s] writing dependency_links to ../../build/assistant_bringup/assistant_bringup.egg-info/dependency_links.txt
[1.024s] writing requirements to ../../build/assistant_bringup/assistant_bringup.egg-info/requires.txt
[1.025s] writing top-level names to ../../build/assistant_bringup/assistant_bringup.egg-info/top_level.txt
[1.047s] reading manifest file '../../build/assistant_bringup/assistant_bringup.egg-info/SOURCES.txt'
[1.047s] adding license file 'LICENSE'
[1.047s] writing manifest file '../../build/assistant_bringup/assistant_bringup.egg-info/SOURCES.txt'
[1.048s] running build
[1.048s] running build_py
[1.048s] running install
[1.052s] running install_lib
[1.060s] running install_data
[1.060s] running install_egg_info
[1.069s] removing '/home/rushiksaiii/turtlebot_autonomous_assistant/assistant_ws/install/assistant_bringup/lib/python3.12/site-packages/assistant_bringup-0.0.0-py3.12.egg-info' (and everything under it)
[1.070s] Copying ../../build/assistant_bringup/assistant_bringup.egg-info to /home/rushiksaiii/turtlebot_autonomous_assistant/assistant_ws/install/assistant_bringup/lib/python3.12/site-packages/assistant_bringup-0.0.0-py3.12.egg-info
[1.070s] running install_scripts
[1.137s] writing list of installed files to '/home/rushiksaiii/turtlebot_autonomous_assistant/assistant_ws/build/assistant_bringup/install.log'
[1.153s] Invoked command in '/home/rushiksaiii/turtlebot_autonomous_assistant/assistant_ws/src/assistant_bringup' returned '0': DEBUGINFOD_URLS=https://debuginfod.ubuntu.com PYTHONPATH=/home/rushiksaiii/turtlebot_autonomous_assistant/assistant_ws/build/assistant_bringup/prefix_override:/usr/lib/python3/dist-packages/colcon_core/task/python/colcon_distutils_commands:/home/rushiksaiii/turtlebot_autonomous_assistant/assistant_ws/install/assistant_bringup/lib/python3.12/site-packages:${PYTHONPATH} /usr/bin/python3 -W ignore:setup.py install is deprecated -W ignore:easy_install command is deprecated setup.py egg_info --egg-base ../../build/assistant_bringup build --build-base /home/rushiksaiii/turtlebot_autonomous_assistant/assistant_ws/build/assistant_bringup/build install --record /home/rushiksaiii/turtlebot_autonomous_assistant/assistant_ws/build/assistant_bringup/install.log --single-version-externally-managed install_data
