[0.105s] DEBUG:colcon:Command line arguments: ['/usr/bin/colcon', 'build']
[0.105s] DEBUG:colcon:Parsed command line arguments: Namespace(log_base=None, log_level=None, verb_name='build', build_base='build', install_base='install', merge_install=False, symlink_install=False, test_result_base=None, continue_on_error=False, executor='parallel', parallel_workers=8, event_handlers=None, ignore_user_meta=False, metas=['./colcon.meta'], base_paths=['.'], packages_ignore=None, packages_ignore_regex=None, paths=None, packages_up_to=None, packages_up_to_regex=None, packages_above=None, packages_above_and_dependencies=None, packages_above_depth=None, packages_select_by_dep=None, packages_skip_by_dep=None, packages_skip_up_to=None, packages_select_build_failed=False, packages_skip_build_finished=False, packages_select_test_failures=False, packages_skip_test_passed=False, packages_select=None, packages_skip=None, packages_select_regex=None, packages_skip_regex=None, packages_start=None, packages_end=None, cmake_args=None, cmake_target=None, cmake_target_skip_unavailable=False, cmake_clean_cache=False, cmake_clean_first=False, cmake_force_configure=False, ament_cmake_args=None, catkin_cmake_args=None, catkin_skip_building_tests=False, verb_parser=<colcon_defaults.argument_parser.defaults.DefaultArgumentsDecorator object at 0xe636d0ab81a0>, verb_extension=<colcon_core.verb.build.BuildVerb object at 0xe636d0d1f890>, main=<bound method BuildVerb.main of <colcon_core.verb.build.BuildVerb object at 0xe636d0d1f890>>)
[0.141s] Level 1:colcon.colcon_core.package_discovery:discover_packages(colcon_meta) check parameters
[0.141s] Level 1:colcon.colcon_core.package_discovery:discover_packages(recursive) check parameters
[0.141s] Level 1:colcon.colcon_core.package_discovery:discover_packages(ignore) check parameters
[0.141s] Level 1:colcon.colcon_core.package_discovery:discover_packages(path) check parameters
[0.141s] Level 1:colcon.colcon_core.package_discovery:discover_packages(colcon_meta) discover
[0.141s] Level 1:colcon.colcon_core.package_discovery:discover_packages(recursive) discover
[0.141s] INFO:colcon.colcon_core.package_discovery:Crawling recursively for packages in '/home/rushiksaiii/turtlebot_autonomous_assistant/assistant_ws'
[0.142s] Level 1:colcon.colcon_core.package_identification:_identify(.) by extensions ['ignore', 'ignore_ament_install']
[0.142s] Level 1:colcon.colcon_core.package_identification:_identify(.) by extension 'ignore'
[0.142s] Level 1:colcon.colcon_core.package_identification:_identify(.) by extension 'ignore_ament_install'
[0.142s] Level 1:colcon.colcon_core.package_identification:_identify(.) by extensions ['colcon_pkg']
[0.142s] Level 1:colcon.colcon_core.package_identification:_identify(.) by extension 'colcon_pkg'
[0.142s] Level 1:colcon.colcon_core.package_identification:_identify(.) by extensions ['colcon_meta']
[0.142s] Level 1:colcon.colcon_core.package_identification:_identify(.) by extension 'colcon_meta'
[0.142s] Level 1:colcon.colcon_core.package_identification:_identify(.) by extensions ['ros']
[0.142s] Level 1:colcon.colcon_core.package_identification:_identify(.) by extension 'ros'
[0.164s] Level 1:colcon.colcon_core.package_identification:_identify(.) by extensions ['cmake', 'python']
[0.164s] Level 1:colcon.colcon_core.package_identification:_identify(.) by extension 'cmake'
[0.164s] Level 1:colcon.colcon_core.package_identification:_identify(.) by extension 'python'
[0.164s] Level 1:colcon.colcon_core.package_identification:_identify(.) by extensions ['python_setup_py']
[0.164s] Level 1:colcon.colcon_core.package_identification:_identify(.) by extension 'python_setup_py'
[0.164s] Level 1:colcon.colcon_core.package_identification:_identify(build) by extensions ['ignore', 'ignore_ament_install']
[0.164s] Level 1:colcon.colcon_core.package_identification:_identify(build) by extension 'ignore'
[0.164s] Level 1:colcon.colcon_core.package_identification:_identify(build) ignored
[0.164s] Level 1:colcon.colcon_core.package_identification:_identify(install) by extensions ['ignore', 'ignore_ament_install']
[0.165s] Level 1:colcon.colcon_core.package_identification:_identify(install) by extension 'ignore'
[0.165s] Level 1:colcon.colcon_core.package_identification:_identify(install) ignored
[0.165s] Level 1:colcon.colcon_core.package_identification:_identify(log) by extensions ['ignore', 'ignore_ament_install']
[0.165s] Level 1:colcon.colcon_core.package_identification:_identify(log) by extension 'ignore'
[0.165s] Level 1:colcon.colcon_core.package_identification:_identify(log) ignored
[0.165s] Level 1:colcon.colcon_core.package_identification:_identify(src) by extensions ['ignore', 'ignore_ament_install']
[0.165s] Level 1:colcon.colcon_core.package_identification:_identify(src) by extension 'ignore'
[0.165s] Level 1:colcon.colcon_core.package_identification:_identify(src) by extension 'ignore_ament_install'
[0.165s] Level 1:colcon.colcon_core.package_identification:_identify(src) by extensions ['colcon_pkg']
[0.165s] Level 1:colcon.colcon_core.package_identification:_identify(src) by extension 'colcon_pkg'
[0.165s] Level 1:colcon.colcon_core.package_identification:_identify(src) by extensions ['colcon_meta']
[0.165s] Level 1:colcon.colcon_core.package_identification:_identify(src) by extension 'colcon_meta'
[0.165s] Level 1:colcon.colcon_core.package_identification:_identify(src) by extensions ['ros']
[0.165s] Level 1:colcon.colcon_core.package_identification:_identify(src) by extension 'ros'
[0.165s] Level 1:colcon.colcon_core.package_identification:_identify(src) by extensions ['cmake', 'python']
[0.165s] Level 1:colcon.colcon_core.package_identification:_identify(src) by extension 'cmake'
[0.165s] Level 1:colcon.colcon_core.package_identification:_identify(src) by extension 'python'
[0.165s] Level 1:colcon.colcon_core.package_identification:_identify(src) by extensions ['python_setup_py']
[0.165s] Level 1:colcon.colcon_core.package_identification:_identify(src) by extension 'python_setup_py'
[0.165s] Level 1:colcon.colcon_core.package_identification:_identify(src/assistant_bringup) by extensions ['ignore', 'ignore_ament_install']
[0.165s] Level 1:colcon.colcon_core.package_identification:_identify(src/assistant_bringup) by extension 'ignore'
[0.165s] Level 1:colcon.colcon_core.package_identification:_identify(src/assistant_bringup) by extension 'ignore_ament_install'
[0.165s] Level 1:colcon.colcon_core.package_identification:_identify(src/assistant_bringup) by extensions ['colcon_pkg']
[0.165s] Level 1:colcon.colcon_core.package_identification:_identify(src/assistant_bringup) by extension 'colcon_pkg'
[0.165s] Level 1:colcon.colcon_core.package_identification:_identify(src/assistant_bringup) by extensions ['colcon_meta']
[0.165s] Level 1:colcon.colcon_core.package_identification:_identify(src/assistant_bringup) by extension 'colcon_meta'
[0.165s] Level 1:colcon.colcon_core.package_identification:_identify(src/assistant_bringup) by extensions ['ros']
[0.165s] Level 1:colcon.colcon_core.package_identification:_identify(src/assistant_bringup) by extension 'ros'
[0.167s] DEBUG:colcon.colcon_core.package_identification:Package 'src/assistant_bringup' with type 'ros.ament_python' and name 'assistant_bringup'
[0.167s] Level 1:colcon.colcon_core.package_identification:_identify(src/assistant_navigation) by extensions ['ignore', 'ignore_ament_install']
[0.167s] Level 1:colcon.colcon_core.package_identification:_identify(src/assistant_navigation) by extension 'ignore'
[0.167s] Level 1:colcon.colcon_core.package_identification:_identify(src/assistant_navigation) by extension 'ignore_ament_install'
[0.167s] Level 1:colcon.colcon_core.package_identification:_identify(src/assistant_navigation) by extensions ['colcon_pkg']
[0.167s] Level 1:colcon.colcon_core.package_identification:_identify(src/assistant_navigation) by extension 'colcon_pkg'
[0.167s] Level 1:colcon.colcon_core.package_identification:_identify(src/assistant_navigation) by extensions ['colcon_meta']
[0.167s] Level 1:colcon.colcon_core.package_identification:_identify(src/assistant_navigation) by extension 'colcon_meta'
[0.167s] Level 1:colcon.colcon_core.package_identification:_identify(src/assistant_navigation) by extensions ['ros']
[0.167s] Level 1:colcon.colcon_core.package_identification:_identify(src/assistant_navigation) by extension 'ros'
[0.168s] DEBUG:colcon.colcon_core.package_identification:Package 'src/assistant_navigation' with type 'ros.ament_python' and name 'assistant_navigation'
[0.168s] Level 1:colcon.colcon_core.package_identification:_identify(src/door_control_pkg) by extensions ['ignore', 'ignore_ament_install']
[0.168s] Level 1:colcon.colcon_core.package_identification:_identify(src/door_control_pkg) by extension 'ignore'
[0.168s] Level 1:colcon.colcon_core.package_identification:_identify(src/door_control_pkg) by extension 'ignore_ament_install'
[0.168s] Level 1:colcon.colcon_core.package_identification:_identify(src/door_control_pkg) by extensions ['colcon_pkg']
[0.168s] Level 1:colcon.colcon_core.package_identification:_identify(src/door_control_pkg) by extension 'colcon_pkg'
[0.168s] Level 1:colcon.colcon_core.package_identification:_identify(src/door_control_pkg) by extensions ['colcon_meta']
[0.168s] Level 1:colcon.colcon_core.package_identification:_identify(src/door_control_pkg) by extension 'colcon_meta'
[0.168s] Level 1:colcon.colcon_core.package_identification:_identify(src/door_control_pkg) by extensions ['ros']
[0.168s] Level 1:colcon.colcon_core.package_identification:_identify(src/door_control_pkg) by extension 'ros'
[0.168s] DEBUG:colcon.colcon_core.package_identification:Package 'src/door_control_pkg' with type 'ros.ament_python' and name 'door_control_pkg'
[0.168s] Level 1:colcon.colcon_core.package_discovery:discover_packages(recursive) using defaults
[0.168s] Level 1:colcon.colcon_core.package_discovery:discover_packages(ignore) discover
[0.168s] Level 1:colcon.colcon_core.package_discovery:discover_packages(ignore) using defaults
[0.168s] Level 1:colcon.colcon_core.package_discovery:discover_packages(path) discover
[0.168s] Level 1:colcon.colcon_core.package_discovery:discover_packages(path) using defaults
[0.183s] Level 5:colcon.colcon_core.verb:set package 'assistant_bringup' build argument 'cmake_args' from command line to 'None'
[0.183s] Level 5:colcon.colcon_core.verb:set package 'assistant_bringup' build argument 'cmake_target' from command line to 'None'
[0.183s] Level 5:colcon.colcon_core.verb:set package 'assistant_bringup' build argument 'cmake_target_skip_unavailable' from command line to 'False'
[0.183s] Level 5:colcon.colcon_core.verb:set package 'assistant_bringup' build argument 'cmake_clean_cache' from command line to 'False'
[0.183s] Level 5:colcon.colcon_core.verb:set package 'assistant_bringup' build argument 'cmake_clean_first' from command line to 'False'
[0.183s] Level 5:colcon.colcon_core.verb:set package 'assistant_bringup' build argument 'cmake_force_configure' from command line to 'False'
[0.183s] Level 5:colcon.colcon_core.verb:set package 'assistant_bringup' build argument 'ament_cmake_args' from command line to 'None'
[0.183s] Level 5:colcon.colcon_core.verb:set package 'assistant_bringup' build argument 'catkin_cmake_args' from command line to 'None'
[0.183s] Level 5:colcon.colcon_core.verb:set package 'assistant_bringup' build argument 'catkin_skip_building_tests' from command line to 'False'
[0.183s] DEBUG:colcon.colcon_core.verb:Building package 'assistant_bringup' with the following arguments: {'ament_cmake_args': None, 'build_base': '/home/rushiksaiii/turtlebot_autonomous_assistant/assistant_ws/build/assistant_bringup', 'catkin_cmake_args': None, 'catkin_skip_building_tests': False, 'cmake_args': None, 'cmake_clean_cache': False, 'cmake_clean_first': False, 'cmake_force_configure': False, 'cmake_target': None, 'cmake_target_skip_unavailable': False, 'install_base': '/home/rushiksaiii/turtlebot_autonomous_assistant/assistant_ws/install/assistant_bringup', 'merge_install': False, 'path': '/home/rushiksaiii/turtlebot_autonomous_assistant/assistant_ws/src/assistant_bringup', 'symlink_install': False, 'test_result_base': None}
[0.183s] Level 5:colcon.colcon_core.verb:set package 'assistant_navigation' build argument 'cmake_args' from command line to 'None'
[0.184s] Level 5:colcon.colcon_core.verb:set package 'assistant_navigation' build argument 'cmake_target' from command line to 'None'
[0.184s] Level 5:colcon.colcon_core.verb:set package 'assistant_navigation' build argument 'cmake_target_skip_unavailable' from command line to 'False'
[0.184s] Level 5:colcon.colcon_core.verb:set package 'assistant_navigation' build argument 'cmake_clean_cache' from command line to 'False'
[0.184s] Level 5:colcon.colcon_core.verb:set package 'assistant_navigation' build argument 'cmake_clean_first' from command line to 'False'
[0.184s] Level 5:colcon.colcon_core.verb:set package 'assistant_navigation' build argument 'cmake_force_configure' from command line to 'False'
[0.184s] Level 5:colcon.colcon_core.verb:set package 'assistant_navigation' build argument 'ament_cmake_args' from command line to 'None'
[0.184s] Level 5:colcon.colcon_core.verb:set package 'assistant_navigation' build argument 'catkin_cmake_args' from command line to 'None'
[0.184s] Level 5:colcon.colcon_core.verb:set package 'assistant_navigation' build argument 'catkin_skip_building_tests' from command line to 'False'
[0.184s] DEBUG:colcon.colcon_core.verb:Building package 'assistant_navigation' with the following arguments: {'ament_cmake_args': None, 'build_base': '/home/rushiksaiii/turtlebot_autonomous_assistant/assistant_ws/build/assistant_navigation', 'catkin_cmake_args': None, 'catkin_skip_building_tests': False, 'cmake_args': None, 'cmake_clean_cache': False, 'cmake_clean_first': False, 'cmake_force_configure': False, 'cmake_target': None, 'cmake_target_skip_unavailable': False, 'install_base': '/home/rushiksaiii/turtlebot_autonomous_assistant/assistant_ws/install/assistant_navigation', 'merge_install': False, 'path': '/home/rushiksaiii/turtlebot_autonomous_assistant/assistant_ws/src/assistant_navigation', 'symlink_install': False, 'test_result_base': None}
[0.184s] Level 5:colcon.colcon_core.verb:set package 'door_control_pkg' build argument 'cmake_args' from command line to 'None'
[0.184s] Level 5:colcon.colcon_core.verb:set package 'door_control_pkg' build argument 'cmake_target' from command line to 'None'
[0.184s] Level 5:colcon.colcon_core.verb:set package 'door_control_pkg' build argument 'cmake_target_skip_unavailable' from command line to 'False'
[0.184s] Level 5:colcon.colcon_core.verb:set package 'door_control_pkg' build argument 'cmake_clean_cache' from command line to 'False'
[0.184s] Level 5:colcon.colcon_core.verb:set package 'door_control_pkg' build argument 'cmake_clean_first' from command line to 'False'
[0.184s] Level 5:colcon.colcon_core.verb:set package 'door_control_pkg' build argument 'cmake_force_configure' from command line to 'False'
[0.184s] Level 5:colcon.colcon_core.verb:set package 'door_control_pkg' build argument 'ament_cmake_args' from command line to 'None'
[0.184s] Level 5:colcon.colcon_core.verb:set package 'door_control_pkg' build argument 'catkin_cmake_args' from command line to 'None'
[0.184s] Level 5:colcon.colcon_core.verb:set package 'door_control_pkg' build argument 'catkin_skip_building_tests' from command line to 'False'
[0.184s] DEBUG:colcon.colcon_core.verb:Building package 'door_control_pkg' with the following arguments: {'ament_cmake_args': None, 'build_base': '/home/rushiksaiii/turtlebot_autonomous_assistant/assistant_ws/build/door_control_pkg', 'catkin_cmake_args': None, 'catkin_skip_building_tests': False, 'cmake_args': None, 'cmake_clean_cache': False, 'cmake_clean_first': False, 'cmake_force_configure': False, 'cmake_target': None, 'cmake_target_skip_unavailable': False, 'install_base': '/home/rushiksaiii/turtlebot_autonomous_assistant/assistant_ws/install/door_control_pkg', 'merge_install': False, 'path': '/home/rushiksaiii/turtlebot_autonomous_assistant/assistant_ws/src/door_control_pkg', 'symlink_install': False, 'test_result_base': None}
[0.184s] INFO:colcon.colcon_core.executor:Executing jobs using 'parallel' executor
[0.185s] DEBUG:colcon.colcon_parallel_executor.executor.parallel:run_until_complete
[0.185s] INFO:colcon.colcon_ros.task.ament_python.build:Building ROS package in '/home/rushiksaiii/turtlebot_autonomous_assistant/assistant_ws/src/assistant_bringup' with build type 'ament_python'
[0.185s] Level 1:colcon.colcon_core.shell:create_environment_hook('assistant_bringup', 'ament_prefix_path')
[0.187s] INFO:colcon.colcon_core.plugin_system:Skipping extension 'colcon_core.shell.bat': Not used on non-Windows systems
[0.187s] INFO:colcon.colcon_core.shell:Creating environment descriptor '/home/rushiksaiii/turtlebot_autonomous_assistant/assistant_ws/install/assistant_bringup/share/assistant_bringup/hook/ament_prefix_path.dsv'
[0.188s] INFO:colcon.colcon_core.shell:Creating environment hook '/home/rushiksaiii/turtlebot_autonomous_assistant/assistant_ws/install/assistant_bringup/share/assistant_bringup/hook/ament_prefix_path.sh'
[0.188s] DEBUG:colcon.colcon_core.shell:Skip shell extension 'dsv' for command environment
[0.189s] WARNING:colcon.colcon_core.prefix_path.colcon:The path '/home/rushiksaiii/turtlebot_autonomous_assistant/install' in the environment variable COLCON_PREFIX_PATH doesn't exist
[0.189s] WARNING:colcon.colcon_ros.prefix_path.ament:The path '/home/rushiksaiii/turtlebot_autonomous_assistant/assistant_ws/install/assistant_navigation' in the environment variable AMENT_PREFIX_PATH doesn't exist
[0.200s] INFO:colcon.colcon_ros.task.ament_python.build:Building ROS package in '/home/rushiksaiii/turtlebot_autonomous_assistant/assistant_ws/src/assistant_navigation' with build type 'ament_python'
[0.200s] Level 1:colcon.colcon_core.shell:create_environment_hook('assistant_navigation', 'ament_prefix_path')
[0.200s] INFO:colcon.colcon_core.shell:Creating environment descriptor '/home/rushiksaiii/turtlebot_autonomous_assistant/assistant_ws/install/assistant_navigation/share/assistant_navigation/hook/ament_prefix_path.dsv'
[0.201s] INFO:colcon.colcon_core.shell:Creating environment hook '/home/rushiksaiii/turtlebot_autonomous_assistant/assistant_ws/install/assistant_navigation/share/assistant_navigation/hook/ament_prefix_path.sh'
[0.201s] DEBUG:colcon.colcon_core.shell:Skip shell extension 'dsv' for command environment
[0.210s] INFO:colcon.colcon_ros.task.ament_python.build:Building ROS package in '/home/rushiksaiii/turtlebot_autonomous_assistant/assistant_ws/src/door_control_pkg' with build type 'ament_python'
[0.210s] Level 1:colcon.colcon_core.shell:create_environment_hook('door_control_pkg', 'ament_prefix_path')
[0.210s] INFO:colcon.colcon_core.shell:Creating environment descriptor '/home/rushiksaiii/turtlebot_autonomous_assistant/assistant_ws/install/door_control_pkg/share/door_control_pkg/hook/ament_prefix_path.dsv'
[0.211s] INFO:colcon.colcon_core.shell:Creating environment hook '/home/rushiksaiii/turtlebot_autonomous_assistant/assistant_ws/install/door_control_pkg/share/door_control_pkg/hook/ament_prefix_path.sh'
[0.211s] DEBUG:colcon.colcon_core.shell:Skip shell extension 'dsv' for command environment
[0.529s] INFO:colcon.colcon_core.task.python.build:Building Python package in '/home/rushiksaiii/turtlebot_autonomous_assistant/assistant_ws/src/assistant_bringup'
[0.530s] DEBUG:colcon.colcon_core.shell:Skip shell extension 'dsv' for command environment
[0.703s] INFO:colcon.colcon_core.task.python.build:Building Python package in '/home/rushiksaiii/turtlebot_autonomous_assistant/assistant_ws/src/assistant_navigation'
[0.703s] DEBUG:colcon.colcon_core.shell:Skip shell extension 'dsv' for command environment
[0.965s] WARNING:colcon.colcon_ros.task.ament_python.build:Package 'door_control_pkg' doesn't explicitly install a marker in the package index (colcon-ros currently does it implicitly but that fallback will be removed in the future)
[0.965s] WARNING:colcon.colcon_ros.task.ament_python.build:Package 'door_control_pkg' doesn't explicitly install the 'package.xml' file (colcon-ros currently does it implicitly but that fallback will be removed in the future)
[0.966s] INFO:colcon.colcon_core.task.python.build:Building Python package in '/home/rushiksaiii/turtlebot_autonomous_assistant/assistant_ws/src/door_control_pkg'
[0.966s] DEBUG:colcon.colcon_core.shell:Skip shell extension 'dsv' for command environment
[1.767s] DEBUG:colcon.colcon_core.event_handler.log_command:Invoking command in '/home/rushiksaiii/turtlebot_autonomous_assistant/assistant_ws/src/door_control_pkg': DEBUGINFOD_URLS=https://debuginfod.ubuntu.com PYTHONPATH=/home/rushiksaiii/turtlebot_autonomous_assistant/assistant_ws/build/door_control_pkg/prefix_override:/usr/lib/python3/dist-packages/colcon_core/task/python/colcon_distutils_commands:/home/rushiksaiii/turtlebot_autonomous_assistant/assistant_ws/install/door_control_pkg/lib/python3.12/site-packages:${PYTHONPATH} /usr/bin/python3 -W ignore:setup.py install is deprecated -W ignore:easy_install command is deprecated setup.py egg_info --egg-base ../../build/door_control_pkg build --build-base /home/rushiksaiii/turtlebot_autonomous_assistant/assistant_ws/build/door_control_pkg/build install --record /home/rushiksaiii/turtlebot_autonomous_assistant/assistant_ws/build/door_control_pkg/install.log --single-version-externally-managed
[1.782s] DEBUG:colcon.colcon_core.event_handler.log_command:Invoking command in '/home/rushiksaiii/turtlebot_autonomous_assistant/assistant_ws/src/assistant_bringup': DEBUGINFOD_URLS=https://debuginfod.ubuntu.com PYTHONPATH=/home/rushiksaiii/turtlebot_autonomous_assistant/assistant_ws/build/assistant_bringup/prefix_override:/usr/lib/python3/dist-packages/colcon_core/task/python/colcon_distutils_commands:/home/rushiksaiii/turtlebot_autonomous_assistant/assistant_ws/install/assistant_bringup/lib/python3.12/site-packages:${PYTHONPATH} /usr/bin/python3 -W ignore:setup.py install is deprecated -W ignore:easy_install command is deprecated setup.py egg_info --egg-base ../../build/assistant_bringup build --build-base /home/rushiksaiii/turtlebot_autonomous_assistant/assistant_ws/build/assistant_bringup/build install --record /home/rushiksaiii/turtlebot_autonomous_assistant/assistant_ws/build/assistant_bringup/install.log --single-version-externally-managed install_data
[1.782s] DEBUG:colcon.colcon_core.event_handler.log_command:Invoking command in '/home/rushiksaiii/turtlebot_autonomous_assistant/assistant_ws/src/assistant_navigation': DEBUGINFOD_URLS=https://debuginfod.ubuntu.com PYTHONPATH=/home/rushiksaiii/turtlebot_autonomous_assistant/assistant_ws/build/assistant_navigation/prefix_override:/usr/lib/python3/dist-packages/colcon_core/task/python/colcon_distutils_commands:/home/rushiksaiii/turtlebot_autonomous_assistant/assistant_ws/install/assistant_navigation/lib/python3.12/site-packages:${PYTHONPATH} /usr/bin/python3 -W ignore:setup.py install is deprecated -W ignore:easy_install command is deprecated setup.py egg_info --egg-base ../../build/assistant_navigation build --build-base /home/rushiksaiii/turtlebot_autonomous_assistant/assistant_ws/build/assistant_navigation/build install --record /home/rushiksaiii/turtlebot_autonomous_assistant/assistant_ws/build/assistant_navigation/install.log --single-version-externally-managed install_data
[2.230s] DEBUG:colcon.colcon_core.event_handler.log_command:Invoked command in '/home/rushiksaiii/turtlebot_autonomous_assistant/assistant_ws/src/assistant_navigation' returned '0': DEBUGINFOD_URLS=https://debuginfod.ubuntu.com PYTHONPATH=/home/rushiksaiii/turtlebot_autonomous_assistant/assistant_ws/build/assistant_navigation/prefix_override:/usr/lib/python3/dist-packages/colcon_core/task/python/colcon_distutils_commands:/home/rushiksaiii/turtlebot_autonomous_assistant/assistant_ws/install/assistant_navigation/lib/python3.12/site-packages:${PYTHONPATH} /usr/bin/python3 -W ignore:setup.py install is deprecated -W ignore:easy_install command is deprecated setup.py egg_info --egg-base ../../build/assistant_navigation build --build-base /home/rushiksaiii/turtlebot_autonomous_assistant/assistant_ws/build/assistant_navigation/build install --record /home/rushiksaiii/turtlebot_autonomous_assistant/assistant_ws/build/assistant_navigation/install.log --single-version-externally-managed install_data
[2.244s] Level 1:colcon.colcon_core.environment:checking '/home/rushiksaiii/turtlebot_autonomous_assistant/assistant_ws/install/assistant_navigation' for CMake module files
[2.245s] Level 1:colcon.colcon_core.environment:checking '/home/rushiksaiii/turtlebot_autonomous_assistant/assistant_ws/install/assistant_navigation' for CMake config files
[2.245s] Level 1:colcon.colcon_core.environment:checking '/home/rushiksaiii/turtlebot_autonomous_assistant/assistant_ws/install/assistant_navigation/lib'
[2.246s] Level 1:colcon.colcon_core.environment:checking '/home/rushiksaiii/turtlebot_autonomous_assistant/assistant_ws/install/assistant_navigation/bin'
[2.246s] Level 1:colcon.colcon_core.environment:checking '/home/rushiksaiii/turtlebot_autonomous_assistant/assistant_ws/install/assistant_navigation/lib/pkgconfig/assistant_navigation.pc'
[2.246s] Level 1:colcon.colcon_core.environment:checking '/home/rushiksaiii/turtlebot_autonomous_assistant/assistant_ws/install/assistant_navigation/lib/python3.12/site-packages'
[2.246s] Level 1:colcon.colcon_core.shell:create_environment_hook('assistant_navigation', 'pythonpath')
[2.246s] INFO:colcon.colcon_core.shell:Creating environment descriptor '/home/rushiksaiii/turtlebot_autonomous_assistant/assistant_ws/install/assistant_navigation/share/assistant_navigation/hook/pythonpath.dsv'
[2.247s] INFO:colcon.colcon_core.shell:Creating environment hook '/home/rushiksaiii/turtlebot_autonomous_assistant/assistant_ws/install/assistant_navigation/share/assistant_navigation/hook/pythonpath.sh'
[2.247s] Level 1:colcon.colcon_core.environment:checking '/home/rushiksaiii/turtlebot_autonomous_assistant/assistant_ws/install/assistant_navigation/bin'
[2.247s] Level 1:colcon.colcon_core.environment:create_environment_scripts_only(assistant_navigation)
[2.247s] INFO:colcon.colcon_core.shell:Creating package descriptor '/home/rushiksaiii/turtlebot_autonomous_assistant/assistant_ws/install/assistant_navigation/share/assistant_navigation/package.dsv'
[2.248s] INFO:colcon.colcon_core.shell:Creating package script '/home/rushiksaiii/turtlebot_autonomous_assistant/assistant_ws/install/assistant_navigation/share/assistant_navigation/package.sh'
[2.249s] INFO:colcon.colcon_core.shell:Creating package script '/home/rushiksaiii/turtlebot_autonomous_assistant/assistant_ws/install/assistant_navigation/share/assistant_navigation/package.bash'
[2.250s] INFO:colcon.colcon_core.shell:Creating package script '/home/rushiksaiii/turtlebot_autonomous_assistant/assistant_ws/install/assistant_navigation/share/assistant_navigation/package.zsh'
[2.251s] Level 1:colcon.colcon_core.environment:create_file_with_runtime_dependencies(/home/rushiksaiii/turtlebot_autonomous_assistant/assistant_ws/install/assistant_navigation/share/colcon-core/packages/assistant_navigation)
[2.253s] Level 1:colcon.colcon_core.environment:checking '/home/rushiksaiii/turtlebot_autonomous_assistant/assistant_ws/install/door_control_pkg' for CMake module files
[2.254s] DEBUG:colcon.colcon_core.event_handler.log_command:Invoked command in '/home/rushiksaiii/turtlebot_autonomous_assistant/assistant_ws/src/door_control_pkg' returned '0': DEBUGINFOD_URLS=https://debuginfod.ubuntu.com PYTHONPATH=/home/rushiksaiii/turtlebot_autonomous_assistant/assistant_ws/build/door_control_pkg/prefix_override:/usr/lib/python3/dist-packages/colcon_core/task/python/colcon_distutils_commands:/home/rushiksaiii/turtlebot_autonomous_assistant/assistant_ws/install/door_control_pkg/lib/python3.12/site-packages:${PYTHONPATH} /usr/bin/python3 -W ignore:setup.py install is deprecated -W ignore:easy_install command is deprecated setup.py egg_info --egg-base ../../build/door_control_pkg build --build-base /home/rushiksaiii/turtlebot_autonomous_assistant/assistant_ws/build/door_control_pkg/build install --record /home/rushiksaiii/turtlebot_autonomous_assistant/assistant_ws/build/door_control_pkg/install.log --single-version-externally-managed
[2.254s] Level 1:colcon.colcon_core.environment:checking '/home/rushiksaiii/turtlebot_autonomous_assistant/assistant_ws/install/door_control_pkg' for CMake config files
[2.254s] Level 1:colcon.colcon_core.environment:checking '/home/rushiksaiii/turtlebot_autonomous_assistant/assistant_ws/install/door_control_pkg/lib'
[2.254s] Level 1:colcon.colcon_core.environment:checking '/home/rushiksaiii/turtlebot_autonomous_assistant/assistant_ws/install/door_control_pkg/bin'
[2.254s] Level 1:colcon.colcon_core.environment:checking '/home/rushiksaiii/turtlebot_autonomous_assistant/assistant_ws/install/door_control_pkg/lib/pkgconfig/door_control_pkg.pc'
[2.254s] Level 1:colcon.colcon_core.environment:checking '/home/rushiksaiii/turtlebot_autonomous_assistant/assistant_ws/install/door_control_pkg/lib/python3.12/site-packages'
[2.254s] Level 1:colcon.colcon_core.shell:create_environment_hook('door_control_pkg', 'pythonpath')
[2.255s] INFO:colcon.colcon_core.shell:Creating environment descriptor '/home/rushiksaiii/turtlebot_autonomous_assistant/assistant_ws/install/door_control_pkg/share/door_control_pkg/hook/pythonpath.dsv'
[2.255s] INFO:colcon.colcon_core.shell:Creating environment hook '/home/rushiksaiii/turtlebot_autonomous_assistant/assistant_ws/install/door_control_pkg/share/door_control_pkg/hook/pythonpath.sh'
[2.255s] Level 1:colcon.colcon_core.environment:checking '/home/rushiksaiii/turtlebot_autonomous_assistant/assistant_ws/install/door_control_pkg/bin'
[2.255s] Level 1:colcon.colcon_core.environment:create_environment_scripts_only(door_control_pkg)
[2.255s] INFO:colcon.colcon_core.shell:Creating package descriptor '/home/rushiksaiii/turtlebot_autonomous_assistant/assistant_ws/install/door_control_pkg/share/door_control_pkg/package.dsv'
[2.256s] INFO:colcon.colcon_core.shell:Creating package script '/home/rushiksaiii/turtlebot_autonomous_assistant/assistant_ws/install/door_control_pkg/share/door_control_pkg/package.sh'
[2.256s] INFO:colcon.colcon_core.shell:Creating package script '/home/rushiksaiii/turtlebot_autonomous_assistant/assistant_ws/install/door_control_pkg/share/door_control_pkg/package.bash'
[2.256s] INFO:colcon.colcon_core.shell:Creating package script '/home/rushiksaiii/turtlebot_autonomous_assistant/assistant_ws/install/door_control_pkg/share/door_control_pkg/package.zsh'
[2.256s] Level 1:colcon.colcon_core.environment:create_file_with_runtime_dependencies(/home/rushiksaiii/turtlebot_autonomous_assistant/assistant_ws/install/door_control_pkg/share/colcon-core/packages/door_control_pkg)
[2.257s] Level 1:colcon.colcon_core.environment:checking '/home/rushiksaiii/turtlebot_autonomous_assistant/assistant_ws/install/assistant_bringup' for CMake module files
[2.258s] Level 1:colcon.colcon_core.environment:checking '/home/rushiksaiii/turtlebot_autonomous_assistant/assistant_ws/install/assistant_bringup' for CMake config files
[2.258s] Level 1:colcon.colcon_core.environment:checking '/home/rushiksaiii/turtlebot_autonomous_assistant/assistant_ws/install/assistant_bringup/lib'
[2.258s] Level 1:colcon.colcon_core.environment:checking '/home/rushiksaiii/turtlebot_autonomous_assistant/assistant_ws/install/assistant_bringup/bin'
[2.258s] Level 1:colcon.colcon_core.environment:checking '/home/rushiksaiii/turtlebot_autonomous_assistant/assistant_ws/install/assistant_bringup/lib/pkgconfig/assistant_bringup.pc'
[2.259s] Level 1:colcon.colcon_core.environment:checking '/home/rushiksaiii/turtlebot_autonomous_assistant/assistant_ws/install/assistant_bringup/lib/python3.12/site-packages'
[2.259s] Level 1:colcon.colcon_core.shell:create_environment_hook('assistant_bringup', 'pythonpath')
[2.259s] INFO:colcon.colcon_core.shell:Creating environment descriptor '/home/rushiksaiii/turtlebot_autonomous_assistant/assistant_ws/install/assistant_bringup/share/assistant_bringup/hook/pythonpath.dsv'
[2.259s] DEBUG:colcon.colcon_core.event_handler.log_command:Invoked command in '/home/rushiksaiii/turtlebot_autonomous_assistant/assistant_ws/src/assistant_bringup' returned '0': DEBUGINFOD_URLS=https://debuginfod.ubuntu.com PYTHONPATH=/home/rushiksaiii/turtlebot_autonomous_assistant/assistant_ws/build/assistant_bringup/prefix_override:/usr/lib/python3/dist-packages/colcon_core/task/python/colcon_distutils_commands:/home/rushiksaiii/turtlebot_autonomous_assistant/assistant_ws/install/assistant_bringup/lib/python3.12/site-packages:${PYTHONPATH} /usr/bin/python3 -W ignore:setup.py install is deprecated -W ignore:easy_install command is deprecated setup.py egg_info --egg-base ../../build/assistant_bringup build --build-base /home/rushiksaiii/turtlebot_autonomous_assistant/assistant_ws/build/assistant_bringup/build install --record /home/rushiksaiii/turtlebot_autonomous_assistant/assistant_ws/build/assistant_bringup/install.log --single-version-externally-managed install_data
[2.259s] INFO:colcon.colcon_core.shell:Creating environment hook '/home/rushiksaiii/turtlebot_autonomous_assistant/assistant_ws/install/assistant_bringup/share/assistant_bringup/hook/pythonpath.sh'
[2.260s] Level 1:colcon.colcon_core.environment:checking '/home/rushiksaiii/turtlebot_autonomous_assistant/assistant_ws/install/assistant_bringup/bin'
[2.260s] Level 1:colcon.colcon_core.environment:create_environment_scripts_only(assistant_bringup)
[2.260s] INFO:colcon.colcon_core.shell:Creating package descriptor '/home/rushiksaiii/turtlebot_autonomous_assistant/assistant_ws/install/assistant_bringup/share/assistant_bringup/package.dsv'
[2.261s] INFO:colcon.colcon_core.shell:Creating package script '/home/rushiksaiii/turtlebot_autonomous_assistant/assistant_ws/install/assistant_bringup/share/assistant_bringup/package.sh'
[2.261s] INFO:colcon.colcon_core.shell:Creating package script '/home/rushiksaiii/turtlebot_autonomous_assistant/assistant_ws/install/assistant_bringup/share/assistant_bringup/package.bash'
[2.261s] INFO:colcon.colcon_core.shell:Creating package script '/home/rushiksaiii/turtlebot_autonomous_assistant/assistant_ws/install/assistant_bringup/share/assistant_bringup/package.zsh'
[2.262s] Level 1:colcon.colcon_core.environment:create_file_with_runtime_dependencies(/home/rushiksaiii/turtlebot_autonomous_assistant/assistant_ws/install/assistant_bringup/share/colcon-core/packages/assistant_bringup)
[2.262s] DEBUG:colcon.colcon_parallel_executor.executor.parallel:closing loop
[2.262s] DEBUG:colcon.colcon_parallel_executor.executor.parallel:loop closed
[2.263s] DEBUG:colcon.colcon_parallel_executor.executor.parallel:run_until_complete finished with '0'
[2.263s] DEBUG:colcon.colcon_core.event_reactor:joining thread
[2.273s] INFO:colcon.colcon_core.plugin_system:Skipping extension 'colcon_notification.desktop_notification.terminal_notifier': Not used on non-Darwin systems
[2.274s] INFO:colcon.colcon_core.plugin_system:Skipping extension 'colcon_notification.desktop_notification.win32': Not used on non-Windows systems
[2.274s] INFO:colcon.colcon_notification.desktop_notification:Sending desktop notification using 'notify2'
[2.330s] DEBUG:colcon.colcon_core.event_reactor:joined thread
[2.330s] INFO:colcon.colcon_core.shell:Creating prefix script '/home/rushiksaiii/turtlebot_autonomous_assistant/assistant_ws/install/local_setup.sh'
[2.331s] INFO:colcon.colcon_core.shell:Creating prefix util module '/home/rushiksaiii/turtlebot_autonomous_assistant/assistant_ws/install/_local_setup_util_sh.py'
[2.332s] INFO:colcon.colcon_core.shell:Creating prefix chain script '/home/rushiksaiii/turtlebot_autonomous_assistant/assistant_ws/install/setup.sh'
[2.333s] INFO:colcon.colcon_core.shell:Creating prefix script '/home/rushiksaiii/turtlebot_autonomous_assistant/assistant_ws/install/local_setup.bash'
[2.333s] INFO:colcon.colcon_core.shell:Creating prefix chain script '/home/rushiksaiii/turtlebot_autonomous_assistant/assistant_ws/install/setup.bash'
[2.334s] INFO:colcon.colcon_core.shell:Creating prefix script '/home/rushiksaiii/turtlebot_autonomous_assistant/assistant_ws/install/local_setup.zsh'
[2.334s] INFO:colcon.colcon_core.shell:Creating prefix chain script '/home/rushiksaiii/turtlebot_autonomous_assistant/assistant_ws/install/setup.zsh'
