running egg_info
creating ../../build/assistant_bringup/assistant_bringup.egg-info
writing ../../build/assistant_bringup/assistant_bringup.egg-info/PKG-INFO
writing dependency_links to ../../build/assistant_bringup/assistant_bringup.egg-info/dependency_links.txt
writing requirements to ../../build/assistant_bringup/assistant_bringup.egg-info/requires.txt
writing top-level names to ../../build/assistant_bringup/assistant_bringup.egg-info/top_level.txt
writing manifest file '../../build/assistant_bringup/assistant_bringup.egg-info/SOURCES.txt'
reading manifest file '../../build/assistant_bringup/assistant_bringup.egg-info/SOURCES.txt'
adding license file 'LICENSE'
writing manifest file '../../build/assistant_bringup/assistant_bringup.egg-info/SOURCES.txt'
running build
running build_py
creating /home/rushiksaiii/turtlebot_autonomous_assistant/assistant_ws/build/assistant_bringup/build
creating /home/rushiksaiii/turtlebot_autonomous_assistant/assistant_ws/build/assistant_bringup/build/lib
creating /home/rushiksaiii/turtlebot_autonomous_assistant/assistant_ws/build/assistant_bringup/build/lib/assistant_bringup
copying assistant_bringup/__init__.py -> /home/rushiksaiii/turtlebot_autonomous_assistant/assistant_ws/build/assistant_bringup/build/lib/assistant_bringup
running install
running install_lib
creating /home/rushiksaiii/turtlebot_autonomous_assistant/assistant_ws/install/assistant_bringup/lib/python3.12/site-packages/assistant_bringup
copying /home/rushiksaiii/turtlebot_autonomous_assistant/assistant_ws/build/assistant_bringup/build/lib/assistant_bringup/__init__.py -> /home/rushiksaiii/turtlebot_autonomous_assistant/assistant_ws/install/assistant_bringup/lib/python3.12/site-packages/assistant_bringup
byte-compiling /home/rushiksaiii/turtlebot_autonomous_assistant/assistant_ws/install/assistant_bringup/lib/python3.12/site-packages/assistant_bringup/__init__.py to __init__.cpython-312.pyc
running install_data
creating /home/rushiksaiii/turtlebot_autonomous_assistant/assistant_ws/install/assistant_bringup/share/ament_index
creating /home/rushiksaiii/turtlebot_autonomous_assistant/assistant_ws/install/assistant_bringup/share/ament_index/resource_index
creating /home/rushiksaiii/turtlebot_autonomous_assistant/assistant_ws/install/assistant_bringup/share/ament_index/resource_index/packages
copying resource/assistant_bringup -> /home/rushiksaiii/turtlebot_autonomous_assistant/assistant_ws/install/assistant_bringup/share/ament_index/resource_index/packages
copying package.xml -> /home/rushiksaiii/turtlebot_autonomous_assistant/assistant_ws/install/assistant_bringup/share/assistant_bringup
running install_egg_info
Copying ../../build/assistant_bringup/assistant_bringup.egg-info to /home/rushiksaiii/turtlebot_autonomous_assistant/assistant_ws/install/assistant_bringup/lib/python3.12/site-packages/assistant_bringup-0.0.0-py3.12.egg-info
running install_scripts
writing list of installed files to '/home/rushiksaiii/turtlebot_autonomous_assistant/assistant_ws/build/assistant_bringup/install.log'
