[3.788s] Invoking command in '/home/rushiksaiii/turtlebot_autonomous_assistant/assistant_ws/src/assistant_bringup': DEBUGINFOD_URLS=https://debuginfod.ubuntu.com PYTHONPATH=/home/rushiksaiii/turtlebot_autonomous_assistant/assistant_ws/build/assistant_bringup/prefix_override:/usr/lib/python3/dist-packages/colcon_core/task/python/colcon_distutils_commands:/home/rushiksaiii/turtlebot_autonomous_assistant/assistant_ws/install/assistant_bringup/lib/python3.12/site-packages:${PYTHONPATH} /usr/bin/python3 -W ignore:setup.py install is deprecated -W ignore:easy_install command is deprecated setup.py egg_info --egg-base ../../build/assistant_bringup build --build-base /home/rushiksaiii/turtlebot_autonomous_assistant/assistant_ws/build/assistant_bringup/build install --record /home/rushiksaiii/turtlebot_autonomous_assistant/assistant_ws/build/assistant_bringup/install.log --single-version-externally-managed install_data
[4.458s] running egg_info
[4.459s] creating ../../build/assistant_bringup/assistant_bringup.egg-info
[4.508s] writing ../../build/assistant_bringup/assistant_bringup.egg-info/PKG-INFO
[4.509s] writing dependency_links to ../../build/assistant_bringup/assistant_bringup.egg-info/dependency_links.txt
[4.510s] writing requirements to ../../build/assistant_bringup/assistant_bringup.egg-info/requires.txt
[4.510s] writing top-level names to ../../build/assistant_bringup/assistant_bringup.egg-info/top_level.txt
[4.511s] writing manifest file '../../build/assistant_bringup/assistant_bringup.egg-info/SOURCES.txt'
[5.041s] reading manifest file '../../build/assistant_bringup/assistant_bringup.egg-info/SOURCES.txt'
[5.047s] adding license file 'LICENSE'
[5.055s] writing manifest file '../../build/assistant_bringup/assistant_bringup.egg-info/SOURCES.txt'
[5.062s] running build
[5.067s] running build_py
[5.072s] creating /home/rushiksaiii/turtlebot_autonomous_assistant/assistant_ws/build/assistant_bringup/build
[5.072s] creating /home/rushiksaiii/turtlebot_autonomous_assistant/assistant_ws/build/assistant_bringup/build/lib
[5.073s] creating /home/rushiksaiii/turtlebot_autonomous_assistant/assistant_ws/build/assistant_bringup/build/lib/assistant_bringup
[5.083s] copying assistant_bringup/__init__.py -> /home/rushiksaiii/turtlebot_autonomous_assistant/assistant_ws/build/assistant_bringup/build/lib/assistant_bringup
[5.084s] running install
[5.129s] running install_lib
[5.251s] creating /home/rushiksaiii/turtlebot_autonomous_assistant/assistant_ws/install/assistant_bringup/lib/python3.12/site-packages/assistant_bringup
[5.252s] copying /home/rushiksaiii/turtlebot_autonomous_assistant/assistant_ws/build/assistant_bringup/build/lib/assistant_bringup/__init__.py -> /home/rushiksaiii/turtlebot_autonomous_assistant/assistant_ws/install/assistant_bringup/lib/python3.12/site-packages/assistant_bringup
[5.253s] byte-compiling /home/rushiksaiii/turtlebot_autonomous_assistant/assistant_ws/install/assistant_bringup/lib/python3.12/site-packages/assistant_bringup/__init__.py to __init__.cpython-312.pyc
[5.255s] running install_data
[5.255s] creating /home/rushiksaiii/turtlebot_autonomous_assistant/assistant_ws/install/assistant_bringup/share/ament_index
[5.263s] creating /home/rushiksaiii/turtlebot_autonomous_assistant/assistant_ws/install/assistant_bringup/share/ament_index/resource_index
[5.264s] creating /home/rushiksaiii/turtlebot_autonomous_assistant/assistant_ws/install/assistant_bringup/share/ament_index/resource_index/packages
[5.266s] copying resource/assistant_bringup -> /home/rushiksaiii/turtlebot_autonomous_assistant/assistant_ws/install/assistant_bringup/share/ament_index/resource_index/packages
[5.266s] copying package.xml -> /home/rushiksaiii/turtlebot_autonomous_assistant/assistant_ws/install/assistant_bringup/share/assistant_bringup
[5.266s] running install_egg_info
[5.376s] Copying ../../build/assistant_bringup/assistant_bringup.egg-info to /home/rushiksaiii/turtlebot_autonomous_assistant/assistant_ws/install/assistant_bringup/lib/python3.12/site-packages/assistant_bringup-0.0.0-py3.12.egg-info
[5.380s] running install_scripts
[5.901s] writing list of installed files to '/home/rushiksaiii/turtlebot_autonomous_assistant/assistant_ws/build/assistant_bringup/install.log'
[6.003s] Invoked command in '/home/rushiksaiii/turtlebot_autonomous_assistant/assistant_ws/src/assistant_bringup' returned '0': DEBUGINFOD_URLS=https://debuginfod.ubuntu.com PYTHONPATH=/home/rushiksaiii/turtlebot_autonomous_assistant/assistant_ws/build/assistant_bringup/prefix_override:/usr/lib/python3/dist-packages/colcon_core/task/python/colcon_distutils_commands:/home/rushiksaiii/turtlebot_autonomous_assistant/assistant_ws/install/assistant_bringup/lib/python3.12/site-packages:${PYTHONPATH} /usr/bin/python3 -W ignore:setup.py install is deprecated -W ignore:easy_install command is deprecated setup.py egg_info --egg-base ../../build/assistant_bringup build --build-base /home/rushiksaiii/turtlebot_autonomous_assistant/assistant_ws/build/assistant_bringup/build install --record /home/rushiksaiii/turtlebot_autonomous_assistant/assistant_ws/build/assistant_bringup/install.log --single-version-externally-managed install_data
