[1.596s] Invoking command in '/home/rushiksaiii/turtlebot_autonomous_assistant/assistant_ws/src/assistant_bringup': DEBUGINFOD_URLS=https://debuginfod.ubuntu.com PYTHONPATH=/home/rushiksaiii/turtlebot_autonomous_assistant/assistant_ws/build/assistant_bringup/prefix_override:/usr/lib/python3/dist-packages/colcon_core/task/python/colcon_distutils_commands:/home/rushiksaiii/turtlebot_autonomous_assistant/assistant_ws/install/assistant_bringup/lib/python3.12/site-packages:${PYTHONPATH} /usr/bin/python3 -W ignore:setup.py install is deprecated -W ignore:easy_install command is deprecated setup.py egg_info --egg-base ../../build/assistant_bringup build --build-base /home/rushiksaiii/turtlebot_autonomous_assistant/assistant_ws/build/assistant_bringup/build install --record /home/rushiksaiii/turtlebot_autonomous_assistant/assistant_ws/build/assistant_bringup/install.log --single-version-externally-managed install_data
[1.823s] running egg_info
[1.823s] creating ../../build/assistant_bringup/assistant_bringup.egg-info
[1.833s] writing ../../build/assistant_bringup/assistant_bringup.egg-info/PKG-INFO
[1.833s] writing dependency_links to ../../build/assistant_bringup/assistant_bringup.egg-info/dependency_links.txt
[1.834s] writing requirements to ../../build/assistant_bringup/assistant_bringup.egg-info/requires.txt
[1.834s] writing top-level names to ../../build/assistant_bringup/assistant_bringup.egg-info/top_level.txt
[1.834s] writing manifest file '../../build/assistant_bringup/assistant_bringup.egg-info/SOURCES.txt'
[1.860s] reading manifest file '../../build/assistant_bringup/assistant_bringup.egg-info/SOURCES.txt'
[1.860s] adding license file 'LICENSE'
[1.860s] writing manifest file '../../build/assistant_bringup/assistant_bringup.egg-info/SOURCES.txt'
[1.860s] running build
[1.861s] running build_py
[1.861s] creating /home/rushiksaiii/turtlebot_autonomous_assistant/assistant_ws/build/assistant_bringup/build
[1.861s] creating /home/rushiksaiii/turtlebot_autonomous_assistant/assistant_ws/build/assistant_bringup/build/lib
[1.861s] creating /home/rushiksaiii/turtlebot_autonomous_assistant/assistant_ws/build/assistant_bringup/build/lib/assistant_bringup
[1.862s] copying assistant_bringup/__init__.py -> /home/rushiksaiii/turtlebot_autonomous_assistant/assistant_ws/build/assistant_bringup/build/lib/assistant_bringup
[1.862s] running install
[1.867s] running install_lib
[1.883s] creating /home/rushiksaiii/turtlebot_autonomous_assistant/assistant_ws/install/assistant_bringup/lib/python3.12/site-packages/assistant_bringup
[1.883s] copying /home/rushiksaiii/turtlebot_autonomous_assistant/assistant_ws/build/assistant_bringup/build/lib/assistant_bringup/__init__.py -> /home/rushiksaiii/turtlebot_autonomous_assistant/assistant_ws/install/assistant_bringup/lib/python3.12/site-packages/assistant_bringup
[1.883s] byte-compiling /home/rushiksaiii/turtlebot_autonomous_assistant/assistant_ws/install/assistant_bringup/lib/python3.12/site-packages/assistant_bringup/__init__.py to __init__.cpython-312.pyc
[1.883s] running install_data
[1.883s] creating /home/rushiksaiii/turtlebot_autonomous_assistant/assistant_ws/install/assistant_bringup/share/ament_index
[1.883s] creating /home/rushiksaiii/turtlebot_autonomous_assistant/assistant_ws/install/assistant_bringup/share/ament_index/resource_index
[1.883s] creating /home/rushiksaiii/turtlebot_autonomous_assistant/assistant_ws/install/assistant_bringup/share/ament_index/resource_index/packages
[1.884s] copying resource/assistant_bringup -> /home/rushiksaiii/turtlebot_autonomous_assistant/assistant_ws/install/assistant_bringup/share/ament_index/resource_index/packages
[1.884s] copying package.xml -> /home/rushiksaiii/turtlebot_autonomous_assistant/assistant_ws/install/assistant_bringup/share/assistant_bringup
[1.884s] running install_egg_info
[1.901s] Copying ../../build/assistant_bringup/assistant_bringup.egg-info to /home/rushiksaiii/turtlebot_autonomous_assistant/assistant_ws/install/assistant_bringup/lib/python3.12/site-packages/assistant_bringup-0.0.0-py3.12.egg-info
[1.902s] running install_scripts
[2.028s] writing list of installed files to '/home/rushiksaiii/turtlebot_autonomous_assistant/assistant_ws/build/assistant_bringup/install.log'
[2.074s] Invoked command in '/home/rushiksaiii/turtlebot_autonomous_assistant/assistant_ws/src/assistant_bringup' returned '0': DEBUGINFOD_URLS=https://debuginfod.ubuntu.com PYTHONPATH=/home/rushiksaiii/turtlebot_autonomous_assistant/assistant_ws/build/assistant_bringup/prefix_override:/usr/lib/python3/dist-packages/colcon_core/task/python/colcon_distutils_commands:/home/rushiksaiii/turtlebot_autonomous_assistant/assistant_ws/install/assistant_bringup/lib/python3.12/site-packages:${PYTHONPATH} /usr/bin/python3 -W ignore:setup.py install is deprecated -W ignore:easy_install command is deprecated setup.py egg_info --egg-base ../../build/assistant_bringup build --build-base /home/rushiksaiii/turtlebot_autonomous_assistant/assistant_ws/build/assistant_bringup/build install --record /home/rushiksaiii/turtlebot_autonomous_assistant/assistant_ws/build/assistant_bringup/install.log --single-version-externally-managed install_data
