running egg_info
creating ../../build/door_control_pkg/door_control_pkg.egg-info
writing ../../build/door_control_pkg/door_control_pkg.egg-info/PKG-INFO
writing dependency_links to ../../build/door_control_pkg/door_control_pkg.egg-info/dependency_links.txt
writing entry points to ../../build/door_control_pkg/door_control_pkg.egg-info/entry_points.txt
writing requirements to ../../build/door_control_pkg/door_control_pkg.egg-info/requires.txt
writing top-level names to ../../build/door_control_pkg/door_control_pkg.egg-info/top_level.txt
writing manifest file '../../build/door_control_pkg/door_control_pkg.egg-info/SOURCES.txt'
reading manifest file '../../build/door_control_pkg/door_control_pkg.egg-info/SOURCES.txt'
writing manifest file '../../build/door_control_pkg/door_control_pkg.egg-info/SOURCES.txt'
running build
running build_py
creating /home/rushiksaiii/turtlebot_autonomous_assistant/assistant_ws/build/door_control_pkg/build
creating /home/rushiksaiii/turtlebot_autonomous_assistant/assistant_ws/build/door_control_pkg/build/lib
creating /home/rushiksaiii/turtlebot_autonomous_assistant/assistant_ws/build/door_control_pkg/build/lib/door_control_pkg
copying door_control_pkg/door_lidar_node.py -> /home/rushiksaiii/turtlebot_autonomous_assistant/assistant_ws/build/door_control_pkg/build/lib/door_control_pkg
copying door_control_pkg/__init__.py -> /home/rushiksaiii/turtlebot_autonomous_assistant/assistant_ws/build/door_control_pkg/build/lib/door_control_pkg
copying door_control_pkg/door_logic_node.py -> /home/rushiksaiii/turtlebot_autonomous_assistant/assistant_ws/build/door_control_pkg/build/lib/door_control_pkg
running install
running install_lib
creating /home/rushiksaiii/turtlebot_autonomous_assistant/assistant_ws/install/door_control_pkg/lib/python3.12/site-packages/door_control_pkg
copying /home/rushiksaiii/turtlebot_autonomous_assistant/assistant_ws/build/door_control_pkg/build/lib/door_control_pkg/door_lidar_node.py -> /home/rushiksaiii/turtlebot_autonomous_assistant/assistant_ws/install/door_control_pkg/lib/python3.12/site-packages/door_control_pkg
copying /home/rushiksaiii/turtlebot_autonomous_assistant/assistant_ws/build/door_control_pkg/build/lib/door_control_pkg/__init__.py -> /home/rushiksaiii/turtlebot_autonomous_assistant/assistant_ws/install/door_control_pkg/lib/python3.12/site-packages/door_control_pkg
copying /home/rushiksaiii/turtlebot_autonomous_assistant/assistant_ws/build/door_control_pkg/build/lib/door_control_pkg/door_logic_node.py -> /home/rushiksaiii/turtlebot_autonomous_assistant/assistant_ws/install/door_control_pkg/lib/python3.12/site-packages/door_control_pkg
byte-compiling /home/rushiksaiii/turtlebot_autonomous_assistant/assistant_ws/install/door_control_pkg/lib/python3.12/site-packages/door_control_pkg/door_lidar_node.py to door_lidar_node.cpython-312.pyc
byte-compiling /home/rushiksaiii/turtlebot_autonomous_assistant/assistant_ws/install/door_control_pkg/lib/python3.12/site-packages/door_control_pkg/__init__.py to __init__.cpython-312.pyc
byte-compiling /home/rushiksaiii/turtlebot_autonomous_assistant/assistant_ws/install/door_control_pkg/lib/python3.12/site-packages/door_control_pkg/door_logic_node.py to door_logic_node.cpython-312.pyc
running install_egg_info
Copying ../../build/door_control_pkg/door_control_pkg.egg-info to /home/rushiksaiii/turtlebot_autonomous_assistant/assistant_ws/install/door_control_pkg/lib/python3.12/site-packages/door_control_pkg-0.0.0-py3.12.egg-info
running install_scripts
Installing door_lidar_node script to /home/rushiksaiii/turtlebot_autonomous_assistant/assistant_ws/install/door_control_pkg/lib/door_control_pkg
Installing door_logic_node script to /home/rushiksaiii/turtlebot_autonomous_assistant/assistant_ws/install/door_control_pkg/lib/door_control_pkg
Installing doormonitornode script to /home/rushiksaiii/turtlebot_autonomous_assistant/assistant_ws/install/door_control_pkg/lib/door_control_pkg
writing list of installed files to '/home/rushiksaiii/turtlebot_autonomous_assistant/assistant_ws/build/door_control_pkg/install.log'
